<?xml version="1.0" encoding="UTF-8"?>
<testng-results skipped="0" failed="0" ignored="0" total="1" passed="1">
  <reporter-output>
  </reporter-output>
  <suite name="Suite" duration-ms="23272" started-at="2020-05-27T17:48:02 MDT" finished-at="2020-05-27T17:48:25 MDT">
    <groups>
    </groups>
    <test name="Test" duration-ms="23272" started-at="2020-05-27T17:48:02 MDT" finished-at="2020-05-27T17:48:25 MDT">
      <class name="Test.TestSuite1">
        <test-method status="PASS" signature="negativeLogin()[pri:0, instance:Test.TestSuite1@239963d8]" name="negativeLogin" duration-ms="23237" started-at="2020-05-27T17:48:02 MDT" finished-at="2020-05-27T17:48:25 MDT">
          <reporter-output>
          </reporter-output>
        </test-method> <!-- negativeLogin -->
      </class> <!-- Test.TestSuite1 -->
    </test> <!-- Test -->
  </suite> <!-- Suite -->
</testng-results>
