<?xml version="1.0" encoding="UTF-8"?>
<testng-results skipped="0" failed="0" ignored="0" total="1" passed="1">
  <reporter-output>
  </reporter-output>
  <suite name="Default suite" duration-ms="27097" started-at="2020-05-27T16:51:36 MDT" finished-at="2020-05-27T16:52:03 MDT">
    <groups>
    </groups>
    <test name="Default test" duration-ms="27097" started-at="2020-05-27T16:51:36 MDT" finished-at="2020-05-27T16:52:03 MDT">
      <class name="Test.TestSuite1">
        <test-method status="PASS" signature="negativeLogin()[pri:0, instance:Test.TestSuite1@5e853265]" name="negativeLogin" duration-ms="27053" started-at="2020-05-27T16:51:36 MDT" finished-at="2020-05-27T16:52:03 MDT">
          <reporter-output>
          </reporter-output>
        </test-method> <!-- negativeLogin -->
      </class> <!-- Test.TestSuite1 -->
    </test> <!-- Default test -->
  </suite> <!-- Default suite -->
</testng-results>
